# JRE version: OpenJDK Runtime Environment Corretto-17.0.7.7.1 (17.0.7+7) (build 17.0.7+7-LTS)
# Java VM: OpenJDK 64-Bit Server VM Corretto-17.0.7.7.1 (17.0.7+7-LTS, mixed mode, sharing, tiered, compressed oops, compressed class ptrs, g1 gc, windows-amd64)
GC Precious Log:
 CPUs: 12 total, 12 available
 Memory: 31849M
 Large Page Support: Disabled
 NUMA Support: Disabled
 Compressed Oops: Enabled (Zero based)
 Heap Region Size: 4M
 Heap Min Capacity: 8M
 Heap Initial Capacity: 500M
 Heap Max Capacity: 7964M
 Pre-touch: Disabled
 Parallel Workers: 10
 Concurrent Workers: 3
 Concurrent Refinement Workers: 10
 Periodic GC: Disabled
Heap:
 garbage-first heap   total 512000K, used 59020K [0x000000060e400000, 0x0000000800000000)
  region size 4096K, 16 young (65536K), 1 survivors (4096K)
 Metaspace       used 9298K, committed 9536K, reserved 1114112K
  class space    used 876K, committed 960K, reserved 1048576K
GC Heap History (20 events):
Event: 877.760 GC heap before
{Heap before GC invocations=209 (full 0):
 garbage-first heap   total 512000K, used 308874K [0x000000060e400000, 0x0000000800000000)
  region size 4096K, 75 young (307200K), 1 survivors (4096K)
 Metaspace       used 9143K, committed 9344K, reserved 1114112K
  class space    used 861K, committed 960K, reserved 1048576K
}
Event: 877.761 GC heap after
{Heap after GC invocations=210 (full 0):
 garbage-first heap   total 512000K, used 5754K [0x000000060e400000, 0x0000000800000000)
  region size 4096K, 1 young (4096K), 1 survivors (4096K)
 Metaspace       used 9143K, committed 9344K, reserved 1114112K
  class space    used 861K, committed 960K, reserved 1048576K
}
Event: 882.033 GC heap before
{Heap before GC invocations=210 (full 0):
 garbage-first heap   total 512000K, used 308858K [0x000000060e400000, 0x0000000800000000)
  region size 4096K, 75 young (307200K), 1 survivors (4096K)
 Metaspace       used 9143K, committed 9344K, reserved 1114112K
  class space    used 861K, committed 960K, reserved 1048576K
}
Event: 882.033 GC heap after
{Heap after GC invocations=211 (full 0):
 garbage-first heap   total 512000K, used 5752K [0x000000060e400000, 0x0000000800000000)
  region size 4096K, 1 young (4096K), 1 survivors (4096K)
 Metaspace       used 9143K, committed 9344K, reserved 1114112K
  class space    used 861K, committed 960K, reserved 1048576K
}
Event: 886.298 GC heap before
{Heap before GC invocations=211 (full 0):
 garbage-first heap   total 512000K, used 308856K [0x000000060e400000, 0x0000000800000000)
  region size 4096K, 75 young (307200K), 1 survivors (4096K)
 Metaspace       used 9143K, committed 9344K, reserved 1114112K
  class space    used 861K, committed 960K, reserved 1048576K
}
Event: 886.299 GC heap after
{Heap after GC invocations=212 (full 0):
 garbage-first heap   total 512000K, used 5745K [0x000000060e400000, 0x0000000800000000)
  region size 4096K, 1 young (4096K), 1 survivors (4096K)
 Metaspace       used 9143K, committed 9344K, reserved 1114112K
  class space    used 861K, committed 960K, reserved 1048576K
}
Event: 890.520 GC heap before
{Heap before GC invocations=212 (full 0):
 garbage-first heap   total 512000K, used 304753K [0x000000060e400000, 0x0000000800000000)
  region size 4096K, 75 young (307200K), 1 survivors (4096K)
 Metaspace       used 9143K, committed 9344K, reserved 1114112K
  class space    used 861K, committed 960K, reserved 1048576K
}
Event: 890.520 GC heap after
{Heap after GC invocations=213 (full 0):
 garbage-first heap   total 512000K, used 5782K [0x000000060e400000, 0x0000000800000000)
  region size 4096K, 1 young (4096K), 1 survivors (4096K)
 Metaspace       used 9143K, committed 9344K, reserved 1114112K
  class space    used 861K, committed 960K, reserved 1048576K
}
Event: 893.967 GC heap before
{Heap before GC invocations=213 (full 0):
 garbage-first heap   total 512000K, used 308886K [0x000000060e400000, 0x0000000800000000)
  region size 4096K, 75 young (307200K), 1 survivors (4096K)
 Metaspace       used 9143K, committed 9344K, reserved 1114112K
  class space    used 861K, committed 960K, reserved 1048576K
}
Event: 893.968 GC heap after
{Heap after GC invocations=214 (full 0):
 garbage-first heap   total 512000K, used 5769K [0x000000060e400000, 0x0000000800000000)
  region size 4096K, 1 young (4096K), 1 survivors (4096K)
 Metaspace       used 9143K, committed 9344K, reserved 1114112K
  class space    used 861K, committed 960K, reserved 1048576K
}
Event: 897.901 GC heap before
{Heap before GC invocations=214 (full 0):
 garbage-first heap   total 512000K, used 308873K [0x000000060e400000, 0x0000000800000000)
  region size 4096K, 75 young (307200K), 1 survivors (4096K)
 Metaspace       used 9152K, committed 9408K, reserved 1114112K
  class space    used 861K, committed 960K, reserved 1048576K
}
Event: 897.901 GC heap after
{Heap after GC invocations=215 (full 0):
 garbage-first heap   total 512000K, used 5781K [0x000000060e400000, 0x0000000800000000)
  region size 4096K, 1 young (4096K), 1 survivors (4096K)
 Metaspace       used 9152K, committed 9408K, reserved 1114112K
  class space    used 861K, committed 960K, reserved 1048576K
}
Event: 900.940 GC heap before
{Heap before GC invocations=215 (full 0):
 garbage-first heap   total 512000K, used 308885K [0x000000060e400000, 0x0000000800000000)
  region size 4096K, 75 young (307200K), 1 survivors (4096K)
 Metaspace       used 9156K, committed 9408K, reserved 1114112K
  class space    used 861K, committed 960K, reserved 1048576K
}
Event: 900.941 GC heap after
{Heap after GC invocations=216 (full 0):
 garbage-first heap   total 512000K, used 5807K [0x000000060e400000, 0x0000000800000000)
  region size 4096K, 1 young (4096K), 1 survivors (4096K)
 Metaspace       used 9156K, committed 9408K, reserved 1114112K
  class space    used 861K, committed 960K, reserved 1048576K
}
Event: 905.218 GC heap before
{Heap before GC invocations=216 (full 0):
 garbage-first heap   total 512000K, used 308911K [0x000000060e400000, 0x0000000800000000)
  region size 4096K, 75 young (307200K), 1 survivors (4096K)
 Metaspace       used 9156K, committed 9408K, reserved 1114112K
  class space    used 861K, committed 960K, reserved 1048576K
}
Event: 905.218 GC heap after
{Heap after GC invocations=217 (full 0):
 garbage-first heap   total 512000K, used 5788K [0x000000060e400000, 0x0000000800000000)
  region size 4096K, 1 young (4096K), 1 survivors (4096K)
 Metaspace       used 9156K, committed 9408K, reserved 1114112K
  class space    used 861K, committed 960K, reserved 1048576K
}
Event: 909.681 GC heap before
{Heap before GC invocations=217 (full 0):
 garbage-first heap   total 512000K, used 308892K [0x000000060e400000, 0x0000000800000000)
  region size 4096K, 75 young (307200K), 1 survivors (4096K)
 Metaspace       used 9156K, committed 9408K, reserved 1114112K
  class space    used 861K, committed 960K, reserved 1048576K
}
Event: 909.682 GC heap after
{Heap after GC invocations=218 (full 0):
 garbage-first heap   total 512000K, used 5759K [0x000000060e400000, 0x0000000800000000)
  region size 4096K, 1 young (4096K), 1 survivors (4096K)
 Metaspace       used 9156K, committed 9408K, reserved 1114112K
  class space    used 861K, committed 960K, reserved 1048576K
}
Event: 912.619 GC heap before
{Heap before GC invocations=218 (full 0):
 garbage-first heap   total 512000K, used 308863K [0x000000060e400000, 0x0000000800000000)
  region size 4096K, 75 young (307200K), 1 survivors (4096K)
 Metaspace       used 9156K, committed 9408K, reserved 1114112K
  class space    used 861K, committed 960K, reserved 1048576K
}
Event: 912.619 GC heap after
{Heap after GC invocations=219 (full 0):
 garbage-first heap   total 512000K, used 5772K [0x000000060e400000, 0x0000000800000000)
  region size 4096K, 1 young (4096K), 1 survivors (4096K)
 Metaspace       used 9156K, committed 9408K, reserved 1114112K
  class space    used 861K, committed 960K, reserved 1048576K
}

