# JRE version: OpenJDK Runtime Environment Corretto-17.0.7.7.1 (17.0.7+7) (build 17.0.7+7-LTS)
# Java VM: OpenJDK 64-Bit Server VM Corretto-17.0.7.7.1 (17.0.7+7-LTS, mixed mode, sharing, tiered, compressed oops, compressed class ptrs, g1 gc, windows-amd64)
GC Precious Log:
 CPUs: 12 total, 12 available
 Memory: 31849M
 Large Page Support: Disabled
 NUMA Support: Disabled
 Compressed Oops: Enabled (Zero based)
 Heap Region Size: 4M
 Heap Min Capacity: 8M
 Heap Initial Capacity: 500M
 Heap Max Capacity: 7964M
 Pre-touch: Disabled
 Parallel Workers: 10
 Concurrent Workers: 3
 Concurrent Refinement Workers: 10
 Periodic GC: Disabled
Heap:
 garbage-first heap   total 512000K, used 300127K [0x000000060e400000, 0x0000000800000000)
  region size 4096K, 75 young (307200K), 1 survivors (4096K)
 Metaspace       used 9412K, committed 9664K, reserved 1114112K
  class space    used 878K, committed 1024K, reserved 1048576K
GC Heap History (20 events):
Event: 118.679 GC heap before
{Heap before GC invocations=25 (full 0):
 garbage-first heap   total 512000K, used 308281K [0x000000060e400000, 0x0000000800000000)
  region size 4096K, 75 young (307200K), 1 survivors (4096K)
 Metaspace       used 8990K, committed 9152K, reserved 1114112K
  class space    used 860K, committed 960K, reserved 1048576K
}
Event: 118.680 GC heap after
{Heap after GC invocations=26 (full 0):
 garbage-first heap   total 512000K, used 5171K [0x000000060e400000, 0x0000000800000000)
  region size 4096K, 1 young (4096K), 1 survivors (4096K)
 Metaspace       used 8990K, committed 9152K, reserved 1114112K
  class space    used 860K, committed 960K, reserved 1048576K
}
Event: 122.731 GC heap before
{Heap before GC invocations=26 (full 0):
 garbage-first heap   total 512000K, used 308275K [0x000000060e400000, 0x0000000800000000)
  region size 4096K, 75 young (307200K), 1 survivors (4096K)
 Metaspace       used 8993K, committed 9152K, reserved 1114112K
  class space    used 860K, committed 960K, reserved 1048576K
}
Event: 122.731 GC heap after
{Heap after GC invocations=27 (full 0):
 garbage-first heap   total 512000K, used 5327K [0x000000060e400000, 0x0000000800000000)
  region size 4096K, 1 young (4096K), 1 survivors (4096K)
 Metaspace       used 8993K, committed 9152K, reserved 1114112K
  class space    used 860K, committed 960K, reserved 1048576K
}
Event: 126.767 GC heap before
{Heap before GC invocations=27 (full 0):
 garbage-first heap   total 512000K, used 304335K [0x000000060e400000, 0x0000000800000000)
  region size 4096K, 75 young (307200K), 1 survivors (4096K)
 Metaspace       used 8994K, committed 9152K, reserved 1114112K
  class space    used 860K, committed 960K, reserved 1048576K
}
Event: 126.767 GC heap after
{Heap after GC invocations=28 (full 0):
 garbage-first heap   total 512000K, used 5190K [0x000000060e400000, 0x0000000800000000)
  region size 4096K, 1 young (4096K), 1 survivors (4096K)
 Metaspace       used 8994K, committed 9152K, reserved 1114112K
  class space    used 860K, committed 960K, reserved 1048576K
}
Event: 130.945 GC heap before
{Heap before GC invocations=28 (full 0):
 garbage-first heap   total 512000K, used 308294K [0x000000060e400000, 0x0000000800000000)
  region size 4096K, 75 young (307200K), 1 survivors (4096K)
 Metaspace       used 8995K, committed 9152K, reserved 1114112K
  class space    used 860K, committed 960K, reserved 1048576K
}
Event: 130.946 GC heap after
{Heap after GC invocations=29 (full 0):
 garbage-first heap   total 512000K, used 5195K [0x000000060e400000, 0x0000000800000000)
  region size 4096K, 1 young (4096K), 1 survivors (4096K)
 Metaspace       used 8995K, committed 9152K, reserved 1114112K
  class space    used 860K, committed 960K, reserved 1048576K
}
Event: 135.268 GC heap before
{Heap before GC invocations=29 (full 0):
 garbage-first heap   total 512000K, used 308299K [0x000000060e400000, 0x0000000800000000)
  region size 4096K, 75 young (307200K), 1 survivors (4096K)
 Metaspace       used 8996K, committed 9152K, reserved 1114112K
  class space    used 860K, committed 960K, reserved 1048576K
}
Event: 135.269 GC heap after
{Heap after GC invocations=30 (full 0):
 garbage-first heap   total 512000K, used 5195K [0x000000060e400000, 0x0000000800000000)
  region size 4096K, 1 young (4096K), 1 survivors (4096K)
 Metaspace       used 8996K, committed 9152K, reserved 1114112K
  class space    used 860K, committed 960K, reserved 1048576K
}
Event: 139.004 GC heap before
{Heap before GC invocations=30 (full 0):
 garbage-first heap   total 512000K, used 308299K [0x000000060e400000, 0x0000000800000000)
  region size 4096K, 75 young (307200K), 1 survivors (4096K)
 Metaspace       used 8999K, committed 9152K, reserved 1114112K
  class space    used 860K, committed 960K, reserved 1048576K
}
Event: 139.005 GC heap after
{Heap after GC invocations=31 (full 0):
 garbage-first heap   total 512000K, used 5201K [0x000000060e400000, 0x0000000800000000)
  region size 4096K, 1 young (4096K), 1 survivors (4096K)
 Metaspace       used 8999K, committed 9152K, reserved 1114112K
  class space    used 860K, committed 960K, reserved 1048576K
}
Event: 143.396 GC heap before
{Heap before GC invocations=31 (full 0):
 garbage-first heap   total 512000K, used 308305K [0x000000060e400000, 0x0000000800000000)
  region size 4096K, 75 young (307200K), 1 survivors (4096K)
 Metaspace       used 9003K, committed 9152K, reserved 1114112K
  class space    used 860K, committed 960K, reserved 1048576K
}
Event: 143.397 GC heap after
{Heap after GC invocations=32 (full 0):
 garbage-first heap   total 512000K, used 5192K [0x000000060e400000, 0x0000000800000000)
  region size 4096K, 1 young (4096K), 1 survivors (4096K)
 Metaspace       used 9003K, committed 9152K, reserved 1114112K
  class space    used 860K, committed 960K, reserved 1048576K
}
Event: 144.397 GC heap before
{Heap before GC invocations=32 (full 0):
 garbage-first heap   total 512000K, used 308296K [0x000000060e400000, 0x0000000800000000)
  region size 4096K, 75 young (307200K), 1 survivors (4096K)
 Metaspace       used 9003K, committed 9152K, reserved 1114112K
  class space    used 860K, committed 960K, reserved 1048576K
}
Event: 144.398 GC heap after
{Heap after GC invocations=33 (full 0):
 garbage-first heap   total 512000K, used 5219K [0x000000060e400000, 0x0000000800000000)
  region size 4096K, 1 young (4096K), 1 survivors (4096K)
 Metaspace       used 9003K, committed 9152K, reserved 1114112K
  class space    used 860K, committed 960K, reserved 1048576K
}
Event: 149.219 GC heap before
{Heap before GC invocations=33 (full 0):
 garbage-first heap   total 512000K, used 308323K [0x000000060e400000, 0x0000000800000000)
  region size 4096K, 75 young (307200K), 1 survivors (4096K)
 Metaspace       used 9003K, committed 9152K, reserved 1114112K
  class space    used 860K, committed 960K, reserved 1048576K
}
Event: 149.220 GC heap after
{Heap after GC invocations=34 (full 0):
 garbage-first heap   total 512000K, used 5226K [0x000000060e400000, 0x0000000800000000)
  region size 4096K, 1 young (4096K), 1 survivors (4096K)
 Metaspace       used 9003K, committed 9152K, reserved 1114112K
  class space    used 860K, committed 960K, reserved 1048576K
}
Event: 154.031 GC heap before
{Heap before GC invocations=34 (full 0):
 garbage-first heap   total 512000K, used 308330K [0x000000060e400000, 0x0000000800000000)
  region size 4096K, 75 young (307200K), 1 survivors (4096K)
 Metaspace       used 9003K, committed 9152K, reserved 1114112K
  class space    used 860K, committed 960K, reserved 1048576K
}
Event: 154.032 GC heap after
{Heap after GC invocations=35 (full 0):
 garbage-first heap   total 512000K, used 5215K [0x000000060e400000, 0x0000000800000000)
  region size 4096K, 1 young (4096K), 1 survivors (4096K)
 Metaspace       used 9003K, committed 9152K, reserved 1114112K
  class space    used 860K, committed 960K, reserved 1048576K
}

