# JRE version: OpenJDK Runtime Environment Corretto-17.0.7.7.1 (17.0.7+7) (build 17.0.7+7-LTS)
# Java VM: OpenJDK 64-Bit Server VM Corretto-17.0.7.7.1 (17.0.7+7-LTS, mixed mode, sharing, tiered, compressed oops, compressed class ptrs, g1 gc, windows-amd64)
GC Precious Log:
 CPUs: 12 total, 12 available
 Memory: 31849M
 Large Page Support: Disabled
 NUMA Support: Disabled
 Compressed Oops: Enabled (Zero based)
 Heap Region Size: 4M
 Heap Min Capacity: 8M
 Heap Initial Capacity: 500M
 Heap Max Capacity: 7964M
 Pre-touch: Disabled
 Parallel Workers: 10
 Concurrent Workers: 3
 Concurrent Refinement Workers: 10
 Periodic GC: Disabled
Heap:
 garbage-first heap   total 512000K, used 247559K [0x000000060e400000, 0x0000000800000000)
  region size 4096K, 61 young (249856K), 1 survivors (4096K)
 Metaspace       used 9233K, committed 9472K, reserved 1114112K
  class space    used 869K, committed 960K, reserved 1048576K
GC Heap History (20 events):
Event: 1524.702 GC heap before
{Heap before GC invocations=365 (full 0):
 garbage-first heap   total 512000K, used 308990K [0x000000060e400000, 0x0000000800000000)
  region size 4096K, 75 young (307200K), 1 survivors (4096K)
 Metaspace       used 8926K, committed 9088K, reserved 1114112K
  class space    used 846K, committed 960K, reserved 1048576K
}
Event: 1524.702 GC heap after
{Heap after GC invocations=366 (full 0):
 garbage-first heap   total 512000K, used 5888K [0x000000060e400000, 0x0000000800000000)
  region size 4096K, 1 young (4096K), 1 survivors (4096K)
 Metaspace       used 8926K, committed 9088K, reserved 1114112K
  class space    used 846K, committed 960K, reserved 1048576K
}
Event: 1539.362 GC heap before
{Heap before GC invocations=366 (full 0):
 garbage-first heap   total 512000K, used 308992K [0x000000060e400000, 0x0000000800000000)
  region size 4096K, 75 young (307200K), 1 survivors (4096K)
 Metaspace       used 8926K, committed 9088K, reserved 1114112K
  class space    used 846K, committed 960K, reserved 1048576K
}
Event: 1539.362 GC heap after
{Heap after GC invocations=367 (full 0):
 garbage-first heap   total 512000K, used 5877K [0x000000060e400000, 0x0000000800000000)
  region size 4096K, 1 young (4096K), 1 survivors (4096K)
 Metaspace       used 8926K, committed 9088K, reserved 1114112K
  class space    used 846K, committed 960K, reserved 1048576K
}
Event: 1540.517 GC heap before
{Heap before GC invocations=367 (full 0):
 garbage-first heap   total 512000K, used 308981K [0x000000060e400000, 0x0000000800000000)
  region size 4096K, 75 young (307200K), 1 survivors (4096K)
 Metaspace       used 8926K, committed 9088K, reserved 1114112K
  class space    used 846K, committed 960K, reserved 1048576K
}
Event: 1540.517 GC heap after
{Heap after GC invocations=368 (full 0):
 garbage-first heap   total 512000K, used 5917K [0x000000060e400000, 0x0000000800000000)
  region size 4096K, 1 young (4096K), 1 survivors (4096K)
 Metaspace       used 8926K, committed 9088K, reserved 1114112K
  class space    used 846K, committed 960K, reserved 1048576K
}
Event: 1555.948 GC heap before
{Heap before GC invocations=368 (full 0):
 garbage-first heap   total 512000K, used 309021K [0x000000060e400000, 0x0000000800000000)
  region size 4096K, 75 young (307200K), 1 survivors (4096K)
 Metaspace       used 8926K, committed 9088K, reserved 1114112K
  class space    used 846K, committed 960K, reserved 1048576K
}
Event: 1555.948 GC heap after
{Heap after GC invocations=369 (full 0):
 garbage-first heap   total 512000K, used 5901K [0x000000060e400000, 0x0000000800000000)
  region size 4096K, 1 young (4096K), 1 survivors (4096K)
 Metaspace       used 8926K, committed 9088K, reserved 1114112K
  class space    used 846K, committed 960K, reserved 1048576K
}
Event: 1556.995 GC heap before
{Heap before GC invocations=369 (full 0):
 garbage-first heap   total 512000K, used 309005K [0x000000060e400000, 0x0000000800000000)
  region size 4096K, 75 young (307200K), 1 survivors (4096K)
 Metaspace       used 8926K, committed 9088K, reserved 1114112K
  class space    used 846K, committed 960K, reserved 1048576K
}
Event: 1556.995 GC heap after
{Heap after GC invocations=370 (full 0):
 garbage-first heap   total 512000K, used 5916K [0x000000060e400000, 0x0000000800000000)
  region size 4096K, 1 young (4096K), 1 survivors (4096K)
 Metaspace       used 8926K, committed 9088K, reserved 1114112K
  class space    used 846K, committed 960K, reserved 1048576K
}
Event: 1571.748 GC heap before
{Heap before GC invocations=370 (full 0):
 garbage-first heap   total 512000K, used 309020K [0x000000060e400000, 0x0000000800000000)
  region size 4096K, 75 young (307200K), 1 survivors (4096K)
 Metaspace       used 8926K, committed 9088K, reserved 1114112K
  class space    used 846K, committed 960K, reserved 1048576K
}
Event: 1571.749 GC heap after
{Heap after GC invocations=371 (full 0):
 garbage-first heap   total 512000K, used 5909K [0x000000060e400000, 0x0000000800000000)
  region size 4096K, 1 young (4096K), 1 survivors (4096K)
 Metaspace       used 8926K, committed 9088K, reserved 1114112K
  class space    used 846K, committed 960K, reserved 1048576K
}
Event: 1572.801 GC heap before
{Heap before GC invocations=371 (full 0):
 garbage-first heap   total 512000K, used 309013K [0x000000060e400000, 0x0000000800000000)
  region size 4096K, 75 young (307200K), 1 survivors (4096K)
 Metaspace       used 8926K, committed 9088K, reserved 1114112K
  class space    used 846K, committed 960K, reserved 1048576K
}
Event: 1572.801 GC heap after
{Heap after GC invocations=372 (full 0):
 garbage-first heap   total 512000K, used 5895K [0x000000060e400000, 0x0000000800000000)
  region size 4096K, 1 young (4096K), 1 survivors (4096K)
 Metaspace       used 8926K, committed 9088K, reserved 1114112K
  class space    used 846K, committed 960K, reserved 1048576K
}
Event: 1588.622 GC heap before
{Heap before GC invocations=372 (full 0):
 garbage-first heap   total 512000K, used 308999K [0x000000060e400000, 0x0000000800000000)
  region size 4096K, 75 young (307200K), 1 survivors (4096K)
 Metaspace       used 8926K, committed 9088K, reserved 1114112K
  class space    used 846K, committed 960K, reserved 1048576K
}
Event: 1588.622 GC heap after
{Heap after GC invocations=373 (full 0):
 garbage-first heap   total 512000K, used 5922K [0x000000060e400000, 0x0000000800000000)
  region size 4096K, 1 young (4096K), 1 survivors (4096K)
 Metaspace       used 8926K, committed 9088K, reserved 1114112K
  class space    used 846K, committed 960K, reserved 1048576K
}
Event: 1593.357 GC heap before
{Heap before GC invocations=373 (full 0):
 garbage-first heap   total 512000K, used 309026K [0x000000060e400000, 0x0000000800000000)
  region size 4096K, 75 young (307200K), 1 survivors (4096K)
 Metaspace       used 8926K, committed 9088K, reserved 1114112K
  class space    used 846K, committed 960K, reserved 1048576K
}
Event: 1593.358 GC heap after
{Heap after GC invocations=374 (full 0):
 garbage-first heap   total 512000K, used 5896K [0x000000060e400000, 0x0000000800000000)
  region size 4096K, 1 young (4096K), 1 survivors (4096K)
 Metaspace       used 8926K, committed 9088K, reserved 1114112K
  class space    used 846K, committed 960K, reserved 1048576K
}
Event: 1595.446 GC heap before
{Heap before GC invocations=374 (full 0):
 garbage-first heap   total 512000K, used 309000K [0x000000060e400000, 0x0000000800000000)
  region size 4096K, 75 young (307200K), 1 survivors (4096K)
 Metaspace       used 8926K, committed 9088K, reserved 1114112K
  class space    used 846K, committed 960K, reserved 1048576K
}
Event: 1595.447 GC heap after
{Heap after GC invocations=375 (full 0):
 garbage-first heap   total 512000K, used 5895K [0x000000060e400000, 0x0000000800000000)
  region size 4096K, 1 young (4096K), 1 survivors (4096K)
 Metaspace       used 8926K, committed 9088K, reserved 1114112K
  class space    used 846K, committed 960K, reserved 1048576K
}

