# JRE version: OpenJDK Runtime Environment Corretto-17.0.7.7.1 (17.0.7+7) (build 17.0.7+7-LTS)
# Java VM: OpenJDK 64-Bit Server VM Corretto-17.0.7.7.1 (17.0.7+7-LTS, mixed mode, sharing, tiered, compressed oops, compressed class ptrs, g1 gc, windows-amd64)
GC Precious Log:
 CPUs: 12 total, 12 available
 Memory: 31849M
 Large Page Support: Disabled
 NUMA Support: Disabled
 Compressed Oops: Enabled (Zero based)
 Heap Region Size: 4M
 Heap Min Capacity: 8M
 Heap Initial Capacity: 500M
 Heap Max Capacity: 7964M
 Pre-touch: Disabled
 Parallel Workers: 10
 Concurrent Workers: 3
 Concurrent Refinement Workers: 10
 Periodic GC: Disabled
Heap:
 garbage-first heap   total 512000K, used 173386K [0x000000060e400000, 0x0000000800000000)
  region size 4096K, 44 young (180224K), 1 survivors (4096K)
 Metaspace       used 9329K, committed 9600K, reserved 1114112K
  class space    used 879K, committed 1024K, reserved 1048576K
GC Heap History (20 events):
Event: 43.746 GC heap before
{Heap before GC invocations=8 (full 0):
 garbage-first heap   total 512000K, used 304404K [0x000000060e400000, 0x0000000800000000)
  region size 4096K, 75 young (307200K), 2 survivors (8192K)
 Metaspace       used 8850K, committed 9024K, reserved 1114112K
  class space    used 861K, committed 960K, reserved 1048576K
}
Event: 43.747 GC heap after
{Heap after GC invocations=9 (full 0):
 garbage-first heap   total 512000K, used 5417K [0x000000060e400000, 0x0000000800000000)
  region size 4096K, 2 young (8192K), 2 survivors (8192K)
 Metaspace       used 8850K, committed 9024K, reserved 1114112K
  class space    used 861K, committed 960K, reserved 1048576K
}
Event: 45.613 GC heap before
{Heap before GC invocations=9 (full 0):
 garbage-first heap   total 512000K, used 304425K [0x000000060e400000, 0x0000000800000000)
  region size 4096K, 75 young (307200K), 2 survivors (8192K)
 Metaspace       used 8915K, committed 9088K, reserved 1114112K
  class space    used 861K, committed 960K, reserved 1048576K
}
Event: 45.615 GC heap after
{Heap after GC invocations=10 (full 0):
 garbage-first heap   total 512000K, used 5214K [0x000000060e400000, 0x0000000800000000)
  region size 4096K, 2 young (8192K), 2 survivors (8192K)
 Metaspace       used 8915K, committed 9088K, reserved 1114112K
  class space    used 861K, committed 960K, reserved 1048576K
}
Event: 50.230 GC heap before
{Heap before GC invocations=10 (full 0):
 garbage-first heap   total 512000K, used 304222K [0x000000060e400000, 0x0000000800000000)
  region size 4096K, 75 young (307200K), 2 survivors (8192K)
 Metaspace       used 8965K, committed 9152K, reserved 1114112K
  class space    used 861K, committed 960K, reserved 1048576K
}
Event: 50.232 GC heap after
{Heap after GC invocations=11 (full 0):
 garbage-first heap   total 512000K, used 5404K [0x000000060e400000, 0x0000000800000000)
  region size 4096K, 2 young (8192K), 2 survivors (8192K)
 Metaspace       used 8965K, committed 9152K, reserved 1114112K
  class space    used 861K, committed 960K, reserved 1048576K
}
Event: 54.640 GC heap before
{Heap before GC invocations=11 (full 0):
 garbage-first heap   total 512000K, used 304412K [0x000000060e400000, 0x0000000800000000)
  region size 4096K, 75 young (307200K), 2 survivors (8192K)
 Metaspace       used 8967K, committed 9152K, reserved 1114112K
  class space    used 861K, committed 960K, reserved 1048576K
}
Event: 54.642 GC heap after
{Heap after GC invocations=12 (full 0):
 garbage-first heap   total 512000K, used 5123K [0x000000060e400000, 0x0000000800000000)
  region size 4096K, 2 young (8192K), 2 survivors (8192K)
 Metaspace       used 8967K, committed 9152K, reserved 1114112K
  class space    used 861K, committed 960K, reserved 1048576K
}
Event: 58.020 GC heap before
{Heap before GC invocations=12 (full 0):
 garbage-first heap   total 512000K, used 304131K [0x000000060e400000, 0x0000000800000000)
  region size 4096K, 75 young (307200K), 2 survivors (8192K)
 Metaspace       used 8972K, committed 9152K, reserved 1114112K
  class space    used 861K, committed 960K, reserved 1048576K
}
Event: 58.022 GC heap after
{Heap after GC invocations=13 (full 0):
 garbage-first heap   total 512000K, used 5316K [0x000000060e400000, 0x0000000800000000)
  region size 4096K, 2 young (8192K), 2 survivors (8192K)
 Metaspace       used 8972K, committed 9152K, reserved 1114112K
  class space    used 861K, committed 960K, reserved 1048576K
}
Event: 59.950 GC heap before
{Heap before GC invocations=13 (full 0):
 garbage-first heap   total 512000K, used 304324K [0x000000060e400000, 0x0000000800000000)
  region size 4096K, 75 young (307200K), 2 survivors (8192K)
 Metaspace       used 8994K, committed 9152K, reserved 1114112K
  class space    used 861K, committed 960K, reserved 1048576K
}
Event: 59.952 GC heap after
{Heap after GC invocations=14 (full 0):
 garbage-first heap   total 512000K, used 5323K [0x000000060e400000, 0x0000000800000000)
  region size 4096K, 2 young (8192K), 2 survivors (8192K)
 Metaspace       used 8994K, committed 9152K, reserved 1114112K
  class space    used 861K, committed 960K, reserved 1048576K
}
Event: 64.363 GC heap before
{Heap before GC invocations=14 (full 0):
 garbage-first heap   total 512000K, used 304331K [0x000000060e400000, 0x0000000800000000)
  region size 4096K, 75 young (307200K), 2 survivors (8192K)
 Metaspace       used 8994K, committed 9152K, reserved 1114112K
  class space    used 861K, committed 960K, reserved 1048576K
}
Event: 64.365 GC heap after
{Heap after GC invocations=15 (full 0):
 garbage-first heap   total 512000K, used 5311K [0x000000060e400000, 0x0000000800000000)
  region size 4096K, 2 young (8192K), 2 survivors (8192K)
 Metaspace       used 8994K, committed 9152K, reserved 1114112K
  class space    used 861K, committed 960K, reserved 1048576K
}
Event: 68.668 GC heap before
{Heap before GC invocations=15 (full 0):
 garbage-first heap   total 512000K, used 304319K [0x000000060e400000, 0x0000000800000000)
  region size 4096K, 75 young (307200K), 2 survivors (8192K)
 Metaspace       used 9005K, committed 9152K, reserved 1114112K
  class space    used 861K, committed 960K, reserved 1048576K
}
Event: 68.670 GC heap after
{Heap after GC invocations=16 (full 0):
 garbage-first heap   total 512000K, used 5387K [0x000000060e400000, 0x0000000800000000)
  region size 4096K, 1 young (4096K), 1 survivors (4096K)
 Metaspace       used 9005K, committed 9152K, reserved 1114112K
  class space    used 861K, committed 960K, reserved 1048576K
}
Event: 73.926 GC heap before
{Heap before GC invocations=16 (full 0):
 garbage-first heap   total 512000K, used 308491K [0x000000060e400000, 0x0000000800000000)
  region size 4096K, 75 young (307200K), 1 survivors (4096K)
 Metaspace       used 9005K, committed 9152K, reserved 1114112K
  class space    used 861K, committed 960K, reserved 1048576K
}
Event: 73.928 GC heap after
{Heap after GC invocations=17 (full 0):
 garbage-first heap   total 512000K, used 5422K [0x000000060e400000, 0x0000000800000000)
  region size 4096K, 1 young (4096K), 1 survivors (4096K)
 Metaspace       used 9005K, committed 9152K, reserved 1114112K
  class space    used 861K, committed 960K, reserved 1048576K
}
Event: 75.112 GC heap before
{Heap before GC invocations=17 (full 0):
 garbage-first heap   total 512000K, used 308526K [0x000000060e400000, 0x0000000800000000)
  region size 4096K, 75 young (307200K), 1 survivors (4096K)
 Metaspace       used 9005K, committed 9152K, reserved 1114112K
  class space    used 861K, committed 960K, reserved 1048576K
}
Event: 75.113 GC heap after
{Heap after GC invocations=18 (full 0):
 garbage-first heap   total 512000K, used 5450K [0x000000060e400000, 0x0000000800000000)
  region size 4096K, 1 young (4096K), 1 survivors (4096K)
 Metaspace       used 9005K, committed 9152K, reserved 1114112K
  class space    used 861K, committed 960K, reserved 1048576K
}

