# JRE version: OpenJDK Runtime Environment Corretto-17.0.7.7.1 (17.0.7+7) (build 17.0.7+7-LTS)
# Java VM: OpenJDK 64-Bit Server VM Corretto-17.0.7.7.1 (17.0.7+7-LTS, mixed mode, sharing, tiered, compressed oops, compressed class ptrs, g1 gc, windows-amd64)
GC Precious Log:
 CPUs: 12 total, 12 available
 Memory: 31849M
 Large Page Support: Disabled
 NUMA Support: Disabled
 Compressed Oops: Enabled (Zero based)
 Heap Region Size: 4M
 Heap Min Capacity: 8M
 Heap Initial Capacity: 500M
 Heap Max Capacity: 7964M
 Pre-touch: Disabled
 Parallel Workers: 10
 Concurrent Workers: 3
 Concurrent Refinement Workers: 10
 Periodic GC: Disabled
Heap:
 garbage-first heap   total 512000K, used 230481K [0x000000060e400000, 0x0000000800000000)
  region size 4096K, 59 young (241664K), 2 survivors (8192K)
 Metaspace       used 9202K, committed 9472K, reserved 1114112K
  class space    used 881K, committed 1024K, reserved 1048576K
GC Heap History (14 events):
Event: 22.141 GC heap before
{Heap before GC invocations=0 (full 0):
 garbage-first heap   total 512000K, used 24576K [0x000000060e400000, 0x0000000800000000)
  region size 4096K, 6 young (24576K), 0 survivors (0K)
 Metaspace       used 2294K, committed 2496K, reserved 1114112K
  class space    used 181K, committed 256K, reserved 1048576K
}
Event: 22.143 GC heap after
{Heap after GC invocations=1 (full 0):
 garbage-first heap   total 512000K, used 1755K [0x000000060e400000, 0x0000000800000000)
  region size 4096K, 1 young (4096K), 1 survivors (4096K)
 Metaspace       used 2294K, committed 2496K, reserved 1114112K
  class space    used 181K, committed 256K, reserved 1048576K
}
Event: 22.453 GC heap before
{Heap before GC invocations=1 (full 0):
 garbage-first heap   total 512000K, used 46811K [0x000000060e400000, 0x0000000800000000)
  region size 4096K, 12 young (49152K), 1 survivors (4096K)
 Metaspace       used 2454K, committed 2560K, reserved 1114112K
  class space    used 194K, committed 256K, reserved 1048576K
}
Event: 22.454 GC heap after
{Heap after GC invocations=2 (full 0):
 garbage-first heap   total 512000K, used 1808K [0x000000060e400000, 0x0000000800000000)
  region size 4096K, 1 young (4096K), 1 survivors (4096K)
 Metaspace       used 2454K, committed 2560K, reserved 1114112K
  class space    used 194K, committed 256K, reserved 1048576K
}
Event: 26.384 GC heap before
{Heap before GC invocations=2 (full 0):
 garbage-first heap   total 512000K, used 304912K [0x000000060e400000, 0x0000000800000000)
  region size 4096K, 75 young (307200K), 1 survivors (4096K)
 Metaspace       used 2562K, committed 2688K, reserved 1114112K
  class space    used 195K, committed 256K, reserved 1048576K
}
Event: 26.385 GC heap after
{Heap after GC invocations=3 (full 0):
 garbage-first heap   total 512000K, used 1863K [0x000000060e400000, 0x0000000800000000)
  region size 4096K, 1 young (4096K), 1 survivors (4096K)
 Metaspace       used 2562K, committed 2688K, reserved 1114112K
  class space    used 195K, committed 256K, reserved 1048576K
}
Event: 28.778 GC heap before
{Heap before GC invocations=3 (full 0):
 garbage-first heap   total 512000K, used 304967K [0x000000060e400000, 0x0000000800000000)
  region size 4096K, 75 young (307200K), 1 survivors (4096K)
 Metaspace       used 8558K, committed 8768K, reserved 1114112K
  class space    used 845K, committed 960K, reserved 1048576K
}
Event: 28.780 GC heap after
{Heap after GC invocations=4 (full 0):
 garbage-first heap   total 512000K, used 4967K [0x000000060e400000, 0x0000000800000000)
  region size 4096K, 2 young (8192K), 2 survivors (8192K)
 Metaspace       used 8558K, committed 8768K, reserved 1114112K
  class space    used 845K, committed 960K, reserved 1048576K
}
Event: 33.643 GC heap before
{Heap before GC invocations=4 (full 0):
 garbage-first heap   total 512000K, used 303975K [0x000000060e400000, 0x0000000800000000)
  region size 4096K, 75 young (307200K), 2 survivors (8192K)
 Metaspace       used 8794K, committed 8960K, reserved 1114112K
  class space    used 863K, committed 960K, reserved 1048576K
}
Event: 33.644 GC heap after
{Heap after GC invocations=5 (full 0):
 garbage-first heap   total 512000K, used 5323K [0x000000060e400000, 0x0000000800000000)
  region size 4096K, 2 young (8192K), 2 survivors (8192K)
 Metaspace       used 8794K, committed 8960K, reserved 1114112K
  class space    used 863K, committed 960K, reserved 1048576K
}
Event: 37.463 GC heap before
{Heap before GC invocations=5 (full 0):
 garbage-first heap   total 512000K, used 304331K [0x000000060e400000, 0x0000000800000000)
  region size 4096K, 75 young (307200K), 2 survivors (8192K)
 Metaspace       used 8822K, committed 9024K, reserved 1114112K
  class space    used 863K, committed 960K, reserved 1048576K
}
Event: 37.465 GC heap after
{Heap after GC invocations=6 (full 0):
 garbage-first heap   total 512000K, used 5340K [0x000000060e400000, 0x0000000800000000)
  region size 4096K, 2 young (8192K), 2 survivors (8192K)
 Metaspace       used 8822K, committed 9024K, reserved 1114112K
  class space    used 863K, committed 960K, reserved 1048576K
}
Event: 39.548 GC heap before
{Heap before GC invocations=6 (full 0):
 garbage-first heap   total 512000K, used 304348K [0x000000060e400000, 0x0000000800000000)
  region size 4096K, 75 young (307200K), 2 survivors (8192K)
 Metaspace       used 8828K, committed 9024K, reserved 1114112K
  class space    used 863K, committed 960K, reserved 1048576K
}
Event: 39.550 GC heap after
{Heap after GC invocations=7 (full 0):
 garbage-first heap   total 512000K, used 5201K [0x000000060e400000, 0x0000000800000000)
  region size 4096K, 2 young (8192K), 2 survivors (8192K)
 Metaspace       used 8828K, committed 9024K, reserved 1114112K
  class space    used 863K, committed 960K, reserved 1048576K
}

